<?xml version="1.0" encoding="UTF-8"?>
<!-- Generated by org.testng.reporters.JUnitReportReporter -->
<testsuite hostname="LAPTOP-S7NI5D79" failures="0" tests="4" name="TrainingSamples.TestngD1twentyone" time="0.032" errors="0" timestamp="2023-07-21T11:09:02 IST" skipped="0">
  <testcase classname="TrainingSamples.TestngD1twentyone" name="reportertest2" time="0.002"/>
  <testcase classname="TrainingSamples.TestngD1twentyone" name="reportertest1" time="0.016"/>
  <testcase classname="TrainingSamples.TestngD1twentyone" name="reportertest3" time="0.004"/>
  <testcase classname="TrainingSamples.TestngD1twentyone" name="reportertest4" time="0.010"/>
</testsuite> <!-- TrainingSamples.TestngD1twentyone -->
