<?xml version="1.0" encoding="UTF-8"?>
<!-- Generated by org.testng.reporters.JUnitReportReporter -->
<testsuite hostname="LAPTOP-S7NI5D79" failures="0" tests="2" name="classroom.firstone" time="0.012" errors="0" timestamp="2023-07-08T16:49:22 IST" skipped="0">
  <testcase classname="classroom.firstone" name="logintest" time="0.009"/>
  <testcase classname="classroom.firstone" name="logouttest" time="0.003"/>
</testsuite> <!-- classroom.firstone -->
