<?xml version="1.0" encoding="UTF-8"?>
<!-- Generated by org.testng.reporters.JUnitReportReporter -->
<testsuite hostname="LAPTOP-S7NI5D79" failures="0" tests="3" name="TrainingSamples.TestngD1eight" time="0.009" errors="0" timestamp="2023-07-20T10:52:00 IST" skipped="0">
  <testcase classname="TrainingSamples.TestngD1eight" name="atest1" time="0.002"/>
  <testcase classname="TrainingSamples.TestngD1eight" name="btest3" time="0.004"/>
  <testcase classname="TrainingSamples.TestngD1eight" name="btest2" time="0.003"/>
</testsuite> <!-- TrainingSamples.TestngD1eight -->
