<?xml version="1.0" encoding="UTF-8"?>
<!-- Generated by org.testng.reporters.JUnitReportReporter -->
<testsuite hostname="LAPTOP-S7NI5D79" failures="0" tests="1" name="TrainingSamples.HEY" time="0.018" errors="0" timestamp="2023-07-08T09:44:12 IST" skipped="0">
  <testcase classname="TrainingSamples.HEY" name="main" time="0.018"/>
</testsuite> <!-- TrainingSamples.HEY -->
