<?xml version="1.0" encoding="UTF-8"?>
<!-- Generated by org.testng.reporters.JUnitReportReporter -->
<testsuite hostname="LAPTOP-S7NI5D79" failures="0" tests="2" name="TrainingSamples.TestNGD1five" time="0.016" errors="0" timestamp="2023-07-20T10:25:53 IST" skipped="0">
  <testcase classname="TrainingSamples.TestNGD1five" name="aTest1" time="0.013"/>
  <testcase classname="TrainingSamples.TestNGD1five" name="bTest2" time="0.003"/>
</testsuite> <!-- TrainingSamples.TestNGD1five -->
