<?xml version="1.0" encoding="UTF-8"?>
<!-- Generated by org.testng.reporters.JUnitReportReporter -->
<testsuite hostname="LAPTOP-S7NI5D79" failures="0" tests="4" name="TrainingSamples.TestngD1twelve" time="0.013" errors="0" timestamp="2023-07-20T11:20:03 IST" skipped="0">
  <testcase classname="TrainingSamples.TestngD1twelve" name="test" time="0.007"/>
  <testcase classname="TrainingSamples.TestngD1twelve" name="test" time="0.002"/>
  <testcase classname="TrainingSamples.TestngD1twelve" name="test" time="0.001"/>
  <testcase classname="TrainingSamples.TestngD1twelve" name="test" time="0.003"/>
</testsuite> <!-- TrainingSamples.TestngD1twelve -->
