<?xml version="1.0" encoding="UTF-8"?>
<!-- Generated by org.testng.reporters.JUnitReportReporter -->
<testsuite hostname="LAPTOP-S7NI5D79" failures="0" tests="2" name="TrainingSamples.TestngD1" time="0.011" errors="0" timestamp="2023-08-09T00:11:00 IST" skipped="0">
  <testcase classname="TrainingSamples.TestngD1" name="logintest" time="0.009"/>
  <testcase classname="TrainingSamples.TestngD1" name="logouttest" time="0.002"/>
</testsuite> <!-- TrainingSamples.TestngD1 -->
