<?xml version="1.0" encoding="UTF-8"?>
<!-- Generated by org.testng.reporters.JUnitReportReporter -->
<testsuite hostname="LAPTOP-S7NI5D79" failures="0" tests="4" name="TrainingSamples.TestngD1twenty" time="0.014" errors="0" timestamp="2023-07-21T10:48:19 IST" skipped="0">
  <testcase classname="TrainingSamples.TestngD1twenty" name="reportertest1" time="0.008">
    <system-out>
      <![CDATA[Method name is -reportertest1
Ststus of execution is -1]]>
    </system-out>
  </testcase> <!-- reportertest1 -->
  <testcase classname="TrainingSamples.TestngD1twenty" name="reportertest2" time="0.001">
    <system-out>
      <![CDATA[Method name is -reportertest2
this is test2
Ststus of execution is -1]]>
    </system-out>
  </testcase> <!-- reportertest2 -->
  <testcase classname="TrainingSamples.TestngD1twenty" name="reportertest4" time="0.001">
    <system-out>
      <![CDATA[Method name is -reportertest4
Ststus of execution is -1]]>
    </system-out>
  </testcase> <!-- reportertest4 -->
  <testcase classname="TrainingSamples.TestngD1twenty" name="reportertest3" time="0.004">
    <system-out>
      <![CDATA[Method name is -reportertest3
Ststus of execution is -1]]>
    </system-out>
  </testcase> <!-- reportertest3 -->
  <system-out>
    <![CDATA[Method name is -reportertest1
Ststus of execution is -1
Method name is -reportertest2
this is test2
Ststus of execution is -1
Method name is -reportertest3
Ststus of execution is -1
Method name is -reportertest4
Ststus of execution is -1]]>
  </system-out>
</testsuite> <!-- TrainingSamples.TestngD1twenty -->
