<?xml version="1.0" encoding="UTF-8"?>
<!-- Generated by org.testng.reporters.JUnitReportReporter -->
<testsuite hostname="LAPTOP-S7NI5D79" failures="0" tests="4" name="TrainingSamples.testngD1fifteen" time="0.022" errors="0" timestamp="2023-07-20T13:04:37 IST" skipped="0">
  <testcase classname="TrainingSamples.testngD1fifteen" name="Test" time="0.005"/>
  <testcase classname="TrainingSamples.testngD1fifteen" name="Test" time="0.004"/>
  <testcase classname="TrainingSamples.testngD1fifteen" name="Test" time="0.002"/>
  <testcase classname="TrainingSamples.testngD1fifteen" name="Test" time="0.011"/>
</testsuite> <!-- TrainingSamples.testngD1fifteen -->
