<?xml version="1.0" encoding="UTF-8"?>
<!-- Generated by org.testng.reporters.JUnitReportReporter -->
<testsuite hostname="LAPTOP-S7NI5D79" failures="0" tests="8" name="TrainingSamples.TestngD1sixteen" time="0.029" errors="0" timestamp="2023-07-20T13:15:09 IST" skipped="0">
  <testcase classname="TrainingSamples.TestngD1sixteen" name="test" time="0.002"/>
  <testcase classname="TrainingSamples.TestngD1sixteen" name="Test1" time="0.001"/>
  <testcase classname="TrainingSamples.TestngD1sixteen" name="Test1" time="0.001"/>
  <testcase classname="TrainingSamples.TestngD1sixteen" name="test" time="0.010"/>
  <testcase classname="TrainingSamples.TestngD1sixteen" name="Test1" time="0.009"/>
  <testcase classname="TrainingSamples.TestngD1sixteen" name="test" time="0.005"/>
  <testcase classname="TrainingSamples.TestngD1sixteen" name="test" time="0.000"/>
  <testcase classname="TrainingSamples.TestngD1sixteen" name="Test1" time="0.001"/>
</testsuite> <!-- TrainingSamples.TestngD1sixteen -->
