<?xml version="1.0" encoding="UTF-8"?>
<!-- Generated by org.testng.reporters.JUnitReportReporter -->
<testsuite hostname="LAPTOP-S7NI5D79" failures="0" tests="1" name="TrainingSamples.Testngs" time="0.007" errors="0" timestamp="2023-07-08T09:44:51 IST" skipped="0">
  <testcase classname="TrainingSamples.Testngs" name="main" time="0.007"/>
</testsuite> <!-- TrainingSamples.Testngs -->
