<?xml version="1.0" encoding="UTF-8"?>
<!-- Generated by org.testng.reporters.JUnitReportReporter -->
<testsuite hostname="LAPTOP-S7NI5D79" failures="0" tests="3" name="TrainingSamples.TestingD1nine" time="0.011" errors="0" timestamp="2023-07-20T10:36:36 IST" skipped="2">
  <testcase classname="TrainingSamples.TestingD1nine" name="skiptest3" time="0.001"/>
  <testcase classname="TrainingSamples.TestingD1nine" name="skiptest2" time="0.010">
    <skipped/>
  </testcase> <!-- skiptest2 -->
  <testcase classname="TrainingSamples.TestingD1nine" name="skiptest1">
    <skipped/>
  </testcase> <!-- skiptest1 -->
</testsuite> <!-- TrainingSamples.TestingD1nine -->
