<?xml version="1.0" encoding="UTF-8"?>
<!-- Generated by org.testng.reporters.JUnitReportReporter -->
<testsuite hostname="LAPTOP-S7NI5D79" failures="0" tests="2" name="TrainingSamples.TestngD1four" time="0.009" errors="0" timestamp="2023-07-19T17:08:20 IST" skipped="0">
  <testcase classname="TrainingSamples.TestngD1four" name="blogintest" time="0.006"/>
  <testcase classname="TrainingSamples.TestngD1four" name="alogouttest" time="0.003"/>
</testsuite> <!-- TrainingSamples.TestngD1four -->
