<?xml version="1.0" encoding="UTF-8"?>
<!-- Generated by org.testng.reporters.JUnitReportReporter -->
<testsuite hostname="LAPTOP-S7NI5D79" failures="0" tests="1" name="TrainingSamples.TestngD1six" time="6.178" errors="0" timestamp="2023-07-19T16:23:58 IST" skipped="0">
  <testcase classname="TrainingSamples.TestngD1six" name="titletest" time="6.178"/>
</testsuite> <!-- TrainingSamples.TestngD1six -->
