<?xml version="1.0" encoding="UTF-8"?>
<!-- Generated by org.testng.reporters.JUnitReportReporter -->
<testsuite hostname="LAPTOP-S7NI5D79" failures="0" tests="4" name="TrainingSamples.TestngD1thirteen" time="0.019" errors="0" timestamp="2023-07-20T11:52:48 IST" skipped="0">
  <testcase classname="TrainingSamples.TestngD1thirteen" name="Test" time="0.003"/>
  <testcase classname="TrainingSamples.TestngD1thirteen" name="Test" time="0.004"/>
  <testcase classname="TrainingSamples.TestngD1thirteen" name="Test" time="0.002"/>
  <testcase classname="TrainingSamples.TestngD1thirteen" name="Test" time="0.010"/>
</testsuite> <!-- TrainingSamples.TestngD1thirteen -->
