<?xml version="1.0" encoding="UTF-8"?>
<!-- Generated by org.testng.reporters.JUnitReportReporter -->
<testsuite hostname="LAPTOP-S7NI5D79" failures="0" tests="2" name="TrainingSamples.TestngD1two" time="0.010" errors="0" timestamp="2023-07-20T10:24:23 IST" skipped="0">
  <testcase classname="TrainingSamples.TestngD1two" name="alogouttest" time="0.009"/>
  <testcase classname="TrainingSamples.TestngD1two" name="blogintest" time="0.001"/>
</testsuite> <!-- TrainingSamples.TestngD1two -->
