<?xml version="1.0" encoding="UTF-8"?>
<!-- Generated by org.testng.reporters.JUnitReportReporter -->
<testsuite hostname="LAPTOP-S7NI5D79" failures="0" tests="2" name="TrainingSamples.TestngD3four" time="0.011" errors="0" timestamp="2023-07-08T10:19:42 IST" skipped="0">
  <testcase classname="TrainingSamples.TestngD3four" name="blogintest" time="0.010"/>
  <testcase classname="TrainingSamples.TestngD3four" name="alogouttest" time="0.001"/>
</testsuite> <!-- TrainingSamples.TestngD3four -->
