<?xml version="1.0" encoding="UTF-8"?>
<!-- Generated by org.testng.reporters.JUnitReportReporter -->
<testsuite hostname="LAPTOP-S7NI5D79" failures="0" tests="3" name="TrainingSamples.TestngD1ten" time="0.017" errors="0" timestamp="2023-07-20T10:52:00 IST" skipped="0">
  <testcase classname="TrainingSamples.TestngD1ten" name="btest3" time="0.003"/>
  <testcase classname="TrainingSamples.TestngD1ten" name="btest2" time="0.004"/>
  <testcase classname="TrainingSamples.TestngD1ten" name="atest1" time="0.010"/>
</testsuite> <!-- TrainingSamples.TestngD1ten -->
